22:10:29.004 [TestNG-tests-1] INFO  testCases.TC001_AccountRegistrationTest - Execution of TC001_AccountRegistrationTest started.......
22:10:29.206 [TestNG-tests-1] INFO  testCases.TC001_AccountRegistrationTest - Clicked on MyAccount link
22:10:29.645 [TestNG-tests-1] INFO  testCases.TC001_AccountRegistrationTest - Clicked on Register link
22:10:29.645 [TestNG-tests-1] INFO  testCases.TC001_AccountRegistrationTest - Entering registration details of new customer......
22:10:31.286 [TestNG-tests-1] INFO  testCases.TC001_AccountRegistrationTest - Validating registration success message
22:10:31.358 [TestNG-tests-1] INFO  testCases.TC001_AccountRegistrationTest - Test execution completed successfully....
22:10:34.217 [TestNG-tests-1] INFO  testCases.TC002_LoginTest - ***** Execution of 'TC002_LoginTest' started 
22:10:34.217 [TestNG-tests-1] INFO  testCases.TC002_LoginTest - clicked on login.........
22:10:34.757 [TestNG-tests-1] INFO  testCases.TC002_LoginTest - Entering login details..........
22:10:35.959 [TestNG-tests-1] INFO  testCases.TC002_LoginTest - Checking MyAccount page is displayed
22:10:40.990 [TestNG-tests-1] INFO  testCases.TC003_LoginDDT - ***** Execution of 'TC003_Login_DataDriven_Test' started 
22:10:40.990 [TestNG-tests-1] INFO  testCases.TC003_LoginDDT - clicked on login.........
22:10:41.523 [TestNG-tests-1] INFO  testCases.TC003_LoginDDT - Entering login details..........
22:10:41.957 [TestNG-tests-1] INFO  testCases.TC003_LoginDDT - Checking MyAccount page is displayed
22:10:43.161 [TestNG-tests-1] INFO  testCases.TC003_LoginDDT - when login data is valid and logout successful.........
22:10:43.176 [TestNG-tests-1] INFO  testCases.TC003_LoginDDT - ***** Execution of 'TC003_Login_DataDriven_Test' started 
22:10:43.176 [TestNG-tests-1] INFO  testCases.TC003_LoginDDT - clicked on login.........
22:10:43.658 [TestNG-tests-1] INFO  testCases.TC003_LoginDDT - Entering login details..........
22:10:44.482 [TestNG-tests-1] INFO  testCases.TC003_LoginDDT - Checking MyAccount page is displayed
22:10:54.560 [TestNG-tests-1] INFO  testCases.TC003_LoginDDT - when login data is invalid but login failed.........
22:10:54.568 [TestNG-tests-1] INFO  testCases.TC003_LoginDDT - ***** Execution of 'TC003_Login_DataDriven_Test' started 
22:10:54.568 [TestNG-tests-1] INFO  testCases.TC003_LoginDDT - clicked on login.........
22:10:55.000 [TestNG-tests-1] INFO  testCases.TC003_LoginDDT - Entering login details..........
22:10:55.697 [TestNG-tests-1] INFO  testCases.TC003_LoginDDT - Checking MyAccount page is displayed
22:10:05.729 [TestNG-tests-1] INFO  testCases.TC003_LoginDDT - when login data is invalid but login failed.........
22:10:05.744 [TestNG-tests-1] INFO  testCases.TC003_LoginDDT - ***** Execution of 'TC003_Login_DataDriven_Test' started 
22:10:05.744 [TestNG-tests-1] INFO  testCases.TC003_LoginDDT - clicked on login.........
22:10:06.232 [TestNG-tests-1] INFO  testCases.TC003_LoginDDT - Entering login details..........
22:10:07.257 [TestNG-tests-1] INFO  testCases.TC003_LoginDDT - Checking MyAccount page is displayed
22:10:07.732 [TestNG-tests-1] INFO  testCases.TC003_LoginDDT - when login data is valid and logout successful.........
19:10:16.500 [main] INFO  org.testng.internal.Utils - [TestNG] Running:
  C:\Users\ADMIN\Desktop\Eclipse\Workspace\Selenium_Project_OpenCart\testng.xml

19:10:37.629 [main] INFO  org.testng.internal.Utils - [TestNG] Running:
  C:\Users\ADMIN\Desktop\Eclipse\Workspace\Selenium_Project_OpenCart\testng.xml

19:10:46.112 [TestNG-tests-1] INFO  testCases.TC001_AccountRegistrationTest - Execution of TC001_AccountRegistrationTest started.......
19:10:46.359 [TestNG-tests-1] INFO  testCases.TC001_AccountRegistrationTest - Clicked on MyAccount link
19:10:46.849 [TestNG-tests-1] INFO  testCases.TC001_AccountRegistrationTest - Clicked on Register link
19:10:46.850 [TestNG-tests-1] INFO  testCases.TC001_AccountRegistrationTest - Entering registration details of new customer......
19:10:48.584 [TestNG-tests-1] INFO  testCases.TC001_AccountRegistrationTest - Validating registration success message
19:10:48.652 [TestNG-tests-1] INFO  testCases.TC001_AccountRegistrationTest - Test execution completed successfully....
19:10:47.551 [main] INFO  org.testng.internal.Utils - [TestNG] Running:
  C:\Users\ADMIN\Desktop\Eclipse\Workspace\Selenium_Project_OpenCart\testng.xml

19:10:50.783 [TestNG-tests-1] INFO  testCases.TC001_AccountRegistrationTest - Execution of TC001_AccountRegistrationTest started.......
19:10:50.954 [TestNG-tests-1] INFO  testCases.TC001_AccountRegistrationTest - Clicked on MyAccount link
19:10:51.406 [TestNG-tests-1] INFO  testCases.TC001_AccountRegistrationTest - Clicked on Register link
19:10:51.406 [TestNG-tests-1] INFO  testCases.TC001_AccountRegistrationTest - Entering registration details of new customer......
19:10:53.076 [TestNG-tests-1] INFO  testCases.TC001_AccountRegistrationTest - Validating registration success message
19:10:53.127 [TestNG-tests-1] INFO  testCases.TC001_AccountRegistrationTest - Test execution completed successfully....
19:10:37.106 [main] INFO  org.testng.internal.Utils - [TestNG] Running:
  C:\Users\ADMIN\Desktop\Eclipse\Workspace\Selenium_Project_OpenCart\testng.xml

19:10:40.300 [TestNG-tests-1] INFO  testCases.TC002_LoginTest - ***** Execution of 'TC002_LoginTest' started 
19:10:40.300 [TestNG-tests-1] INFO  testCases.TC002_LoginTest - clicked on login.........
19:10:40.792 [TestNG-tests-1] INFO  testCases.TC002_LoginTest - Entering login details..........
19:10:41.193 [TestNG-tests-1] INFO  testCases.TC002_LoginTest - Checking MyAccount page is displayed
19:10:28.698 [main] INFO  org.testng.internal.Utils - [TestNG] Running:
  C:\Users\ADMIN\Desktop\Eclipse\Workspace\Selenium_Project_OpenCart\testng.xml

19:10:34.259 [TestNG-tests-1] INFO  testCases.TC003_LoginDDT - ***** Execution of 'TC003_Login_DataDriven_Test' started 
19:10:34.259 [TestNG-tests-1] INFO  testCases.TC003_LoginDDT - clicked on login.........
19:10:34.801 [TestNG-tests-1] INFO  testCases.TC003_LoginDDT - Entering login details..........
19:10:35.937 [TestNG-tests-1] INFO  testCases.TC003_LoginDDT - Checking MyAccount page is displayed
19:10:36.458 [TestNG-tests-1] INFO  testCases.TC003_LoginDDT - when login data is valid and logout successful.........
19:10:36.487 [TestNG-tests-1] INFO  testCases.TC003_LoginDDT - ***** Execution of 'TC003_Login_DataDriven_Test' started 
19:10:36.488 [TestNG-tests-1] INFO  testCases.TC003_LoginDDT - clicked on login.........
19:10:36.929 [TestNG-tests-1] INFO  testCases.TC003_LoginDDT - Entering login details..........
19:10:37.749 [TestNG-tests-1] INFO  testCases.TC003_LoginDDT - Checking MyAccount page is displayed
19:10:47.801 [TestNG-tests-1] INFO  testCases.TC003_LoginDDT - when login data is invalid but login failed.........
19:10:47.812 [TestNG-tests-1] INFO  testCases.TC003_LoginDDT - ***** Execution of 'TC003_Login_DataDriven_Test' started 
19:10:47.813 [TestNG-tests-1] INFO  testCases.TC003_LoginDDT - clicked on login.........
19:10:48.297 [TestNG-tests-1] INFO  testCases.TC003_LoginDDT - Entering login details..........
19:10:48.603 [TestNG-tests-1] INFO  testCases.TC003_LoginDDT - Checking MyAccount page is displayed
19:10:59.237 [TestNG-tests-1] INFO  testCases.TC003_LoginDDT - when login data is invalid but login failed.........
19:10:59.249 [TestNG-tests-1] INFO  testCases.TC003_LoginDDT - ***** Execution of 'TC003_Login_DataDriven_Test' started 
19:10:59.250 [TestNG-tests-1] INFO  testCases.TC003_LoginDDT - clicked on login.........
19:10:59.667 [TestNG-tests-1] INFO  testCases.TC003_LoginDDT - Entering login details..........
19:10:00.886 [TestNG-tests-1] INFO  testCases.TC003_LoginDDT - Checking MyAccount page is displayed
19:10:01.328 [TestNG-tests-1] INFO  testCases.TC003_LoginDDT - when login data is valid and logout successful.........
19:10:47.127 [main] INFO  org.testng.internal.Utils - [TestNG] Running:
  C:\Users\ADMIN\Desktop\Eclipse\Workspace\Selenium_Project_OpenCart\testng.xml

19:10:50.548 [TestNG-tests-1] INFO  testCases.TC001_AccountRegistrationTest - Execution of TC001_AccountRegistrationTest started.......
19:10:50.718 [TestNG-tests-1] INFO  testCases.TC001_AccountRegistrationTest - Clicked on MyAccount link
19:10:51.192 [TestNG-tests-1] INFO  testCases.TC001_AccountRegistrationTest - Clicked on Register link
19:10:51.192 [TestNG-tests-1] INFO  testCases.TC001_AccountRegistrationTest - Entering registration details of new customer......
19:10:52.830 [TestNG-tests-1] INFO  testCases.TC001_AccountRegistrationTest - Validating registration success message
19:10:52.909 [TestNG-tests-1] INFO  testCases.TC001_AccountRegistrationTest - Test execution completed successfully....
19:10:55.586 [TestNG-tests-1] INFO  testCases.TC002_LoginTest - ***** Execution of 'TC002_LoginTest' started 
19:10:55.586 [TestNG-tests-1] INFO  testCases.TC002_LoginTest - clicked on login.........
19:10:56.049 [TestNG-tests-1] INFO  testCases.TC002_LoginTest - Entering login details..........
19:10:56.427 [TestNG-tests-1] INFO  testCases.TC002_LoginTest - Checking MyAccount page is displayed
19:10:02.160 [TestNG-tests-1] INFO  testCases.TC003_LoginDDT - ***** Execution of 'TC003_Login_DataDriven_Test' started 
19:10:02.161 [TestNG-tests-1] INFO  testCases.TC003_LoginDDT - clicked on login.........
19:10:02.694 [TestNG-tests-1] INFO  testCases.TC003_LoginDDT - Entering login details..........
19:10:03.968 [TestNG-tests-1] INFO  testCases.TC003_LoginDDT - Checking MyAccount page is displayed
19:10:04.472 [TestNG-tests-1] INFO  testCases.TC003_LoginDDT - when login data is valid and logout successful.........
19:10:04.488 [TestNG-tests-1] INFO  testCases.TC003_LoginDDT - ***** Execution of 'TC003_Login_DataDriven_Test' started 
19:10:04.488 [TestNG-tests-1] INFO  testCases.TC003_LoginDDT - clicked on login.........
19:10:04.932 [TestNG-tests-1] INFO  testCases.TC003_LoginDDT - Entering login details..........
19:10:05.228 [TestNG-tests-1] INFO  testCases.TC003_LoginDDT - Checking MyAccount page is displayed
19:10:15.299 [TestNG-tests-1] INFO  testCases.TC003_LoginDDT - when login data is invalid but login failed.........
19:10:15.313 [TestNG-tests-1] INFO  testCases.TC003_LoginDDT - ***** Execution of 'TC003_Login_DataDriven_Test' started 
19:10:15.313 [TestNG-tests-1] INFO  testCases.TC003_LoginDDT - clicked on login.........
19:10:15.792 [TestNG-tests-1] INFO  testCases.TC003_LoginDDT - Entering login details..........
19:10:16.154 [TestNG-tests-1] INFO  testCases.TC003_LoginDDT - Checking MyAccount page is displayed
19:10:26.628 [TestNG-tests-1] INFO  testCases.TC003_LoginDDT - when login data is invalid but login failed.........
19:10:26.637 [TestNG-tests-1] INFO  testCases.TC003_LoginDDT - ***** Execution of 'TC003_Login_DataDriven_Test' started 
19:10:26.637 [TestNG-tests-1] INFO  testCases.TC003_LoginDDT - clicked on login.........
19:10:27.092 [TestNG-tests-1] INFO  testCases.TC003_LoginDDT - Entering login details..........
19:10:27.510 [TestNG-tests-1] INFO  testCases.TC003_LoginDDT - Checking MyAccount page is displayed
19:10:28.864 [TestNG-tests-1] INFO  testCases.TC003_LoginDDT - when login data is valid and logout successful.........
19:10:49.178 [main] INFO  org.testng.internal.Utils - [TestNG] Running:
  C:\Users\ADMIN\Desktop\Eclipse\Workspace\Selenium_Project_OpenCart\testng.xml

19:10:07.745 [main] INFO  org.testng.internal.Utils - [TestNG] Running:
  C:\Users\ADMIN\Desktop\Eclipse\Workspace\Selenium_Project_OpenCart\testng.xml

19:10:41.166 [main] INFO  org.testng.internal.Utils - [TestNG] Running:
  C:\Users\ADMIN\Desktop\Eclipse\Workspace\Selenium_Project_OpenCart\testng.xml

19:10:16.794 [main] INFO  org.testng.internal.Utils - [TestNG] Running:
  C:\Users\ADMIN\Desktop\Eclipse\Workspace\Selenium_Project_OpenCart\testng.xml

19:10:42.010 [main] INFO  org.testng.internal.Utils - [TestNG] Running:
  C:\Users\ADMIN\Desktop\Eclipse\Workspace\Selenium_Project_OpenCart\testng.xml

19:10:03.500 [main] INFO  org.testng.internal.Utils - [TestNG] Running:
  C:\Users\ADMIN\Desktop\Eclipse\Workspace\Selenium_Project_OpenCart\testng.xml

19:10:06.813 [TestNG-tests-1] INFO  testCases.TC001_AccountRegistrationTest - Execution of TC001_AccountRegistrationTest started.......
19:10:06.982 [TestNG-tests-1] INFO  testCases.TC001_AccountRegistrationTest - Clicked on MyAccount link
19:10:07.517 [TestNG-tests-1] INFO  testCases.TC001_AccountRegistrationTest - Clicked on Register link
19:10:07.517 [TestNG-tests-1] INFO  testCases.TC001_AccountRegistrationTest - Entering registration details of new customer......
19:10:09.251 [TestNG-tests-1] INFO  testCases.TC001_AccountRegistrationTest - Validating registration success message
19:10:09.313 [TestNG-tests-1] INFO  testCases.TC001_AccountRegistrationTest - Test execution completed successfully....
19:10:11.993 [TestNG-tests-1] INFO  testCases.TC002_LoginTest - ***** Execution of 'TC002_LoginTest' started 
19:10:11.993 [TestNG-tests-1] INFO  testCases.TC002_LoginTest - clicked on login.........
19:10:12.509 [TestNG-tests-1] INFO  testCases.TC002_LoginTest - Entering login details..........
19:10:12.915 [TestNG-tests-1] INFO  testCases.TC002_LoginTest - Checking MyAccount page is displayed
19:10:18.112 [TestNG-tests-1] INFO  testCases.TC003_LoginDDT - ***** Execution of 'TC003_Login_DataDriven_Test' started 
19:10:18.112 [TestNG-tests-1] INFO  testCases.TC003_LoginDDT - clicked on login.........
19:10:18.590 [TestNG-tests-1] INFO  testCases.TC003_LoginDDT - Entering login details..........
19:10:19.887 [TestNG-tests-1] INFO  testCases.TC003_LoginDDT - Checking MyAccount page is displayed
19:10:20.405 [TestNG-tests-1] INFO  testCases.TC003_LoginDDT - when login data is valid and logout successful.........
19:10:20.422 [TestNG-tests-1] INFO  testCases.TC003_LoginDDT - ***** Execution of 'TC003_Login_DataDriven_Test' started 
19:10:20.422 [TestNG-tests-1] INFO  testCases.TC003_LoginDDT - clicked on login.........
19:10:20.833 [TestNG-tests-1] INFO  testCases.TC003_LoginDDT - Entering login details..........
19:10:21.191 [TestNG-tests-1] INFO  testCases.TC003_LoginDDT - Checking MyAccount page is displayed
19:10:31.281 [TestNG-tests-1] INFO  testCases.TC003_LoginDDT - when login data is invalid but login failed.........
19:10:31.288 [TestNG-tests-1] INFO  testCases.TC003_LoginDDT - ***** Execution of 'TC003_Login_DataDriven_Test' started 
19:10:31.289 [TestNG-tests-1] INFO  testCases.TC003_LoginDDT - clicked on login.........
19:10:31.911 [TestNG-tests-1] INFO  testCases.TC003_LoginDDT - Entering login details..........
19:10:32.263 [TestNG-tests-1] INFO  testCases.TC003_LoginDDT - Checking MyAccount page is displayed
19:10:42.314 [TestNG-tests-1] INFO  testCases.TC003_LoginDDT - when login data is invalid but login failed.........
19:10:42.322 [TestNG-tests-1] INFO  testCases.TC003_LoginDDT - ***** Execution of 'TC003_Login_DataDriven_Test' started 
19:10:42.323 [TestNG-tests-1] INFO  testCases.TC003_LoginDDT - clicked on login.........
19:10:42.806 [TestNG-tests-1] INFO  testCases.TC003_LoginDDT - Entering login details..........
19:10:43.911 [TestNG-tests-1] INFO  testCases.TC003_LoginDDT - Checking MyAccount page is displayed
19:10:44.439 [TestNG-tests-1] INFO  testCases.TC003_LoginDDT - when login data is valid and logout successful.........
13:10:39.433 [main] INFO  org.testng.internal.Utils - [TestNG] Running:
  C:\Users\ADMIN\Desktop\Eclipse\Workspace\Selenium_Project_OpenCart\testng.xml

13:10:34.671 [main] INFO  org.testng.internal.Utils - [TestNG] Running:
  C:\Users\ADMIN\Desktop\Eclipse\Workspace\Selenium_Project_OpenCart\testng.xml

13:10:41.892 [TestNG-tests-1] INFO  testCases.TC001_AccountRegistrationTest - Execution of TC001_AccountRegistrationTest started.......
13:10:42.094 [TestNG-tests-1] INFO  testCases.TC001_AccountRegistrationTest - Clicked on MyAccount link
13:10:42.577 [TestNG-tests-1] INFO  testCases.TC001_AccountRegistrationTest - Clicked on Register link
13:10:42.578 [TestNG-tests-1] INFO  testCases.TC001_AccountRegistrationTest - Entering registration details of new customer......
13:10:44.129 [TestNG-tests-1] INFO  testCases.TC001_AccountRegistrationTest - Validating registration success message
13:10:44.192 [TestNG-tests-1] INFO  testCases.TC001_AccountRegistrationTest - Test execution completed successfully....
13:10:46.826 [TestNG-tests-1] INFO  testCases.TC002_LoginTest - ***** Execution of 'TC002_LoginTest' started 
13:10:46.826 [TestNG-tests-1] INFO  testCases.TC002_LoginTest - clicked on login.........
13:10:47.404 [TestNG-tests-1] INFO  testCases.TC002_LoginTest - Entering login details..........
13:10:48.605 [TestNG-tests-1] INFO  testCases.TC002_LoginTest - Checking MyAccount page is displayed
13:10:53.139 [TestNG-tests-1] INFO  testCases.TC003_LoginDDT - ***** Execution of 'TC003_Login_DataDriven_Test' started 
13:10:53.139 [TestNG-tests-1] INFO  testCases.TC003_LoginDDT - clicked on login.........
13:10:53.682 [TestNG-tests-1] INFO  testCases.TC003_LoginDDT - Entering login details..........
13:10:54.192 [TestNG-tests-1] INFO  testCases.TC003_LoginDDT - Checking MyAccount page is displayed
13:10:55.308 [TestNG-tests-1] INFO  testCases.TC003_LoginDDT - when login data is valid and logout successful.........
13:10:55.322 [TestNG-tests-1] INFO  testCases.TC003_LoginDDT - ***** Execution of 'TC003_Login_DataDriven_Test' started 
13:10:55.323 [TestNG-tests-1] INFO  testCases.TC003_LoginDDT - clicked on login.........
13:10:55.689 [TestNG-tests-1] INFO  testCases.TC003_LoginDDT - Entering login details..........
13:10:56.026 [TestNG-tests-1] INFO  testCases.TC003_LoginDDT - Checking MyAccount page is displayed
13:10:06.051 [TestNG-tests-1] INFO  testCases.TC003_LoginDDT - when login data is invalid but login failed.........
13:10:06.056 [TestNG-tests-1] INFO  testCases.TC003_LoginDDT - ***** Execution of 'TC003_Login_DataDriven_Test' started 
13:10:06.059 [TestNG-tests-1] INFO  testCases.TC003_LoginDDT - clicked on login.........
13:10:06.430 [TestNG-tests-1] INFO  testCases.TC003_LoginDDT - Entering login details..........
13:10:07.248 [TestNG-tests-1] INFO  testCases.TC003_LoginDDT - Checking MyAccount page is displayed
13:10:17.324 [TestNG-tests-1] INFO  testCases.TC003_LoginDDT - when login data is invalid but login failed.........
13:10:17.333 [TestNG-tests-1] INFO  testCases.TC003_LoginDDT - ***** Execution of 'TC003_Login_DataDriven_Test' started 
13:10:17.333 [TestNG-tests-1] INFO  testCases.TC003_LoginDDT - clicked on login.........
13:10:17.691 [TestNG-tests-1] INFO  testCases.TC003_LoginDDT - Entering login details..........
13:10:18.640 [TestNG-tests-1] INFO  testCases.TC003_LoginDDT - Checking MyAccount page is displayed
13:10:19.036 [TestNG-tests-1] INFO  testCases.TC003_LoginDDT - when login data is valid and logout successful.........
13:10:40.829 [main] INFO  org.testng.internal.Utils - [TestNG] Running:
  C:\Users\ADMIN\Desktop\Eclipse\Workspace\Selenium_Project_OpenCart\testng.xml

13:10:44.479 [TestNG-tests-1] INFO  testCases.TC001_AccountRegistrationTest - Execution of TC001_AccountRegistrationTest started.......
13:10:44.689 [TestNG-tests-1] INFO  testCases.TC001_AccountRegistrationTest - Clicked on MyAccount link
13:10:45.190 [TestNG-tests-1] INFO  testCases.TC001_AccountRegistrationTest - Clicked on Register link
13:10:45.190 [TestNG-tests-1] INFO  testCases.TC001_AccountRegistrationTest - Entering registration details of new customer......
13:10:46.748 [TestNG-tests-1] INFO  testCases.TC001_AccountRegistrationTest - Validating registration success message
13:10:46.810 [TestNG-tests-1] INFO  testCases.TC001_AccountRegistrationTest - Test execution completed successfully....
13:10:49.546 [TestNG-tests-1] INFO  testCases.TC002_LoginTest - ***** Execution of 'TC002_LoginTest' started 
13:10:49.546 [TestNG-tests-1] INFO  testCases.TC002_LoginTest - clicked on login.........
13:10:50.073 [TestNG-tests-1] INFO  testCases.TC002_LoginTest - Entering login details..........
13:10:50.464 [TestNG-tests-1] INFO  testCases.TC002_LoginTest - Checking MyAccount page is displayed
13:10:55.951 [TestNG-tests-1] INFO  testCases.TC003_LoginDDT - ***** Execution of 'TC003_Login_DataDriven_Test' started 
13:10:55.951 [TestNG-tests-1] INFO  testCases.TC003_LoginDDT - clicked on login.........
13:10:56.433 [TestNG-tests-1] INFO  testCases.TC003_LoginDDT - Entering login details..........
13:10:56.882 [TestNG-tests-1] INFO  testCases.TC003_LoginDDT - Checking MyAccount page is displayed
13:10:57.999 [TestNG-tests-1] INFO  testCases.TC003_LoginDDT - when login data is valid and logout successful.........
13:10:58.024 [TestNG-tests-1] INFO  testCases.TC003_LoginDDT - ***** Execution of 'TC003_Login_DataDriven_Test' started 
13:10:58.024 [TestNG-tests-1] INFO  testCases.TC003_LoginDDT - clicked on login.........
13:10:58.368 [TestNG-tests-1] INFO  testCases.TC003_LoginDDT - Entering login details..........
13:10:59.194 [TestNG-tests-1] INFO  testCases.TC003_LoginDDT - Checking MyAccount page is displayed
14:10:09.252 [TestNG-tests-1] INFO  testCases.TC003_LoginDDT - when login data is invalid but login failed.........
14:10:09.264 [TestNG-tests-1] INFO  testCases.TC003_LoginDDT - ***** Execution of 'TC003_Login_DataDriven_Test' started 
14:10:09.264 [TestNG-tests-1] INFO  testCases.TC003_LoginDDT - clicked on login.........
14:10:09.628 [TestNG-tests-1] INFO  testCases.TC003_LoginDDT - Entering login details..........
14:10:09.937 [TestNG-tests-1] INFO  testCases.TC003_LoginDDT - Checking MyAccount page is displayed
14:10:19.983 [TestNG-tests-1] INFO  testCases.TC003_LoginDDT - when login data is invalid but login failed.........
14:10:19.994 [TestNG-tests-1] INFO  testCases.TC003_LoginDDT - ***** Execution of 'TC003_Login_DataDriven_Test' started 
14:10:19.995 [TestNG-tests-1] INFO  testCases.TC003_LoginDDT - clicked on login.........
14:10:20.382 [TestNG-tests-1] INFO  testCases.TC003_LoginDDT - Entering login details..........
14:10:21.358 [TestNG-tests-1] INFO  testCases.TC003_LoginDDT - Checking MyAccount page is displayed
14:10:21.777 [TestNG-tests-1] INFO  testCases.TC003_LoginDDT - when login data is valid and logout successful.........
14:10:39.871 [main] INFO  org.testng.internal.Utils - [TestNG] Running:
  C:\Users\ADMIN\Desktop\Eclipse\Workspace\Selenium_Project_OpenCart\testng.xml

14:10:43.401 [TestNG-tests-1] INFO  testCases.TC001_AccountRegistrationTest - Execution of TC001_AccountRegistrationTest started.......
14:10:43.598 [TestNG-tests-1] INFO  testCases.TC001_AccountRegistrationTest - Clicked on MyAccount link
14:10:44.079 [TestNG-tests-1] INFO  testCases.TC001_AccountRegistrationTest - Clicked on Register link
14:10:44.079 [TestNG-tests-1] INFO  testCases.TC001_AccountRegistrationTest - Entering registration details of new customer......
14:10:45.663 [TestNG-tests-1] INFO  testCases.TC001_AccountRegistrationTest - Validating registration success message
14:10:45.720 [TestNG-tests-1] INFO  testCases.TC001_AccountRegistrationTest - Test execution completed successfully....
14:10:48.392 [TestNG-tests-1] INFO  testCases.TC002_LoginTest - ***** Execution of 'TC002_LoginTest' started 
14:10:48.393 [TestNG-tests-1] INFO  testCases.TC002_LoginTest - clicked on login.........
14:10:48.881 [TestNG-tests-1] INFO  testCases.TC002_LoginTest - Entering login details..........
14:10:49.291 [TestNG-tests-1] INFO  testCases.TC002_LoginTest - Checking MyAccount page is displayed
14:10:54.376 [TestNG-tests-1] INFO  testCases.TC003_LoginDDT - ***** Execution of 'TC003_Login_DataDriven_Test' started 
14:10:54.377 [TestNG-tests-1] INFO  testCases.TC003_LoginDDT - clicked on login.........
14:10:54.818 [TestNG-tests-1] INFO  testCases.TC003_LoginDDT - Entering login details..........
14:10:55.950 [TestNG-tests-1] INFO  testCases.TC003_LoginDDT - Checking MyAccount page is displayed
14:10:56.367 [TestNG-tests-1] INFO  testCases.TC003_LoginDDT - when login data is valid and logout successful.........
14:10:56.382 [TestNG-tests-1] INFO  testCases.TC003_LoginDDT - ***** Execution of 'TC003_Login_DataDriven_Test' started 
14:10:56.382 [TestNG-tests-1] INFO  testCases.TC003_LoginDDT - clicked on login.........
14:10:56.775 [TestNG-tests-1] INFO  testCases.TC003_LoginDDT - Entering login details..........
14:10:57.080 [TestNG-tests-1] INFO  testCases.TC003_LoginDDT - Checking MyAccount page is displayed
14:10:08.207 [TestNG-tests-1] INFO  testCases.TC003_LoginDDT - when login data is invalid but login failed.........
14:10:08.215 [TestNG-tests-1] INFO  testCases.TC003_LoginDDT - ***** Execution of 'TC003_Login_DataDriven_Test' started 
14:10:08.215 [TestNG-tests-1] INFO  testCases.TC003_LoginDDT - clicked on login.........
14:10:08.576 [TestNG-tests-1] INFO  testCases.TC003_LoginDDT - Entering login details..........
14:10:08.889 [TestNG-tests-1] INFO  testCases.TC003_LoginDDT - Checking MyAccount page is displayed
14:10:19.361 [TestNG-tests-1] INFO  testCases.TC003_LoginDDT - when login data is invalid but login failed.........
14:10:19.372 [TestNG-tests-1] INFO  testCases.TC003_LoginDDT - ***** Execution of 'TC003_Login_DataDriven_Test' started 
14:10:19.372 [TestNG-tests-1] INFO  testCases.TC003_LoginDDT - clicked on login.........
14:10:19.697 [TestNG-tests-1] INFO  testCases.TC003_LoginDDT - Entering login details..........
14:10:19.987 [TestNG-tests-1] INFO  testCases.TC003_LoginDDT - Checking MyAccount page is displayed
14:10:21.196 [TestNG-tests-1] INFO  testCases.TC003_LoginDDT - when login data is valid and logout successful.........
14:10:26.570 [main] INFO  org.testng.internal.Utils - [TestNG] Running:
  C:\Users\ADMIN\Desktop\Eclipse\Workspace\Selenium_Project_OpenCart\testng.xml

14:10:30.336 [TestNG-tests-1] INFO  testCases.TC001_AccountRegistrationTest - Execution of TC001_AccountRegistrationTest started.......
14:10:30.508 [TestNG-tests-1] INFO  testCases.TC001_AccountRegistrationTest - Clicked on MyAccount link
14:10:31.008 [TestNG-tests-1] INFO  testCases.TC001_AccountRegistrationTest - Clicked on Register link
14:10:31.008 [TestNG-tests-1] INFO  testCases.TC001_AccountRegistrationTest - Entering registration details of new customer......
14:10:32.541 [TestNG-tests-1] INFO  testCases.TC001_AccountRegistrationTest - Validating registration success message
14:10:32.599 [TestNG-tests-1] INFO  testCases.TC001_AccountRegistrationTest - Test execution completed successfully....
14:10:35.182 [TestNG-tests-1] INFO  testCases.TC002_LoginTest - ***** Execution of 'TC002_LoginTest' started 
14:10:35.182 [TestNG-tests-1] INFO  testCases.TC002_LoginTest - clicked on login.........
14:10:35.651 [TestNG-tests-1] INFO  testCases.TC002_LoginTest - Entering login details..........
14:10:36.048 [TestNG-tests-1] INFO  testCases.TC002_LoginTest - Checking MyAccount page is displayed
14:10:51.964 [TestNG-tests-1] INFO  testCases.TC003_LoginDDT - ***** Execution of 'TC003_Login_DataDriven_Test' started 
14:10:51.965 [TestNG-tests-1] INFO  testCases.TC003_LoginDDT - clicked on login.........
14:10:52.437 [TestNG-tests-1] INFO  testCases.TC003_LoginDDT - Entering login details..........
14:10:52.864 [TestNG-tests-1] INFO  testCases.TC003_LoginDDT - Checking MyAccount page is displayed
14:10:54.024 [TestNG-tests-1] INFO  testCases.TC003_LoginDDT - when login data is valid and logout successful.........
14:10:54.036 [TestNG-tests-1] INFO  testCases.TC003_LoginDDT - ***** Execution of 'TC003_Login_DataDriven_Test' started 
14:10:54.038 [TestNG-tests-1] INFO  testCases.TC003_LoginDDT - clicked on login.........
14:10:54.414 [TestNG-tests-1] INFO  testCases.TC003_LoginDDT - Entering login details..........
14:10:55.210 [TestNG-tests-1] INFO  testCases.TC003_LoginDDT - Checking MyAccount page is displayed
14:10:05.243 [TestNG-tests-1] INFO  testCases.TC003_LoginDDT - when login data is invalid but login failed.........
14:10:05.256 [TestNG-tests-1] INFO  testCases.TC003_LoginDDT - ***** Execution of 'TC003_Login_DataDriven_Test' started 
14:10:05.256 [TestNG-tests-1] INFO  testCases.TC003_LoginDDT - clicked on login.........
14:10:05.588 [TestNG-tests-1] INFO  testCases.TC003_LoginDDT - Entering login details..........
14:10:06.308 [TestNG-tests-1] INFO  testCases.TC003_LoginDDT - Checking MyAccount page is displayed
14:10:16.431 [TestNG-tests-1] INFO  testCases.TC003_LoginDDT - when login data is invalid but login failed.........
14:10:16.444 [TestNG-tests-1] INFO  testCases.TC003_LoginDDT - ***** Execution of 'TC003_Login_DataDriven_Test' started 
14:10:16.444 [TestNG-tests-1] INFO  testCases.TC003_LoginDDT - clicked on login.........
14:10:16.899 [TestNG-tests-1] INFO  testCases.TC003_LoginDDT - Entering login details..........
14:10:17.871 [TestNG-tests-1] INFO  testCases.TC003_LoginDDT - Checking MyAccount page is displayed
14:10:18.266 [TestNG-tests-1] INFO  testCases.TC003_LoginDDT - when login data is valid and logout successful.........
17:10:31.218 [TestNG-tests-1] INFO  testCases.TC001_AccountRegistrationTest - Execution of TC001_AccountRegistrationTest started.......
17:10:31.436 [TestNG-tests-1] INFO  testCases.TC001_AccountRegistrationTest - Clicked on MyAccount link
17:10:31.942 [TestNG-tests-1] INFO  testCases.TC001_AccountRegistrationTest - Clicked on Register link
17:10:31.942 [TestNG-tests-1] INFO  testCases.TC001_AccountRegistrationTest - Entering registration details of new customer......
17:10:33.675 [TestNG-tests-1] INFO  testCases.TC001_AccountRegistrationTest - Validating registration success message
17:10:33.749 [TestNG-tests-1] INFO  testCases.TC001_AccountRegistrationTest - Test execution completed successfully....
17:10:37.058 [TestNG-tests-1] INFO  testCases.TC002_LoginTest - ***** Execution of 'TC002_LoginTest' started 
17:10:37.059 [TestNG-tests-1] INFO  testCases.TC002_LoginTest - clicked on login.........
17:10:37.516 [TestNG-tests-1] INFO  testCases.TC002_LoginTest - Entering login details..........
17:10:37.939 [TestNG-tests-1] INFO  testCases.TC002_LoginTest - Checking MyAccount page is displayed
17:10:53.966 [TestNG-tests-1] INFO  testCases.TC003_LoginDDT - ***** Execution of 'TC003_Login_DataDriven_Test' started 
17:10:53.966 [TestNG-tests-1] INFO  testCases.TC003_LoginDDT - clicked on login.........
17:10:54.432 [TestNG-tests-1] INFO  testCases.TC003_LoginDDT - Entering login details..........
17:10:54.853 [TestNG-tests-1] INFO  testCases.TC003_LoginDDT - Checking MyAccount page is displayed
17:10:56.055 [TestNG-tests-1] INFO  testCases.TC003_LoginDDT - when login data is valid and logout successful.........
17:10:56.057 [TestNG-tests-1] INFO  testCases.TC003_LoginDDT - ***** Execution of 'TC003_Login_DataDriven_Test' started 
17:10:56.058 [TestNG-tests-1] INFO  testCases.TC003_LoginDDT - clicked on login.........
17:10:56.455 [TestNG-tests-1] INFO  testCases.TC003_LoginDDT - Entering login details..........
17:10:57.391 [TestNG-tests-1] INFO  testCases.TC003_LoginDDT - Checking MyAccount page is displayed
17:10:07.424 [TestNG-tests-1] INFO  testCases.TC003_LoginDDT - when login data is invalid but login failed.........
17:10:07.428 [TestNG-tests-1] INFO  testCases.TC003_LoginDDT - ***** Execution of 'TC003_Login_DataDriven_Test' started 
17:10:07.428 [TestNG-tests-1] INFO  testCases.TC003_LoginDDT - clicked on login.........
17:10:07.775 [TestNG-tests-1] INFO  testCases.TC003_LoginDDT - Entering login details..........
17:10:08.090 [TestNG-tests-1] INFO  testCases.TC003_LoginDDT - Checking MyAccount page is displayed
17:10:18.682 [TestNG-tests-1] INFO  testCases.TC003_LoginDDT - when login data is invalid but login failed.........
17:10:18.686 [TestNG-tests-1] INFO  testCases.TC003_LoginDDT - ***** Execution of 'TC003_Login_DataDriven_Test' started 
17:10:18.686 [TestNG-tests-1] INFO  testCases.TC003_LoginDDT - clicked on login.........
17:10:19.058 [TestNG-tests-1] INFO  testCases.TC003_LoginDDT - Entering login details..........
17:10:19.348 [TestNG-tests-1] INFO  testCases.TC003_LoginDDT - Checking MyAccount page is displayed
17:10:20.411 [TestNG-tests-1] INFO  testCases.TC003_LoginDDT - when login data is valid and logout successful.........
17:10:59.902 [main] INFO  org.testng.internal.Utils - [TestNG] Running:
  C:\Users\ADMIN\Desktop\Eclipse\Workspace\Selenium_Project_OpenCart\testng.xml

17:10:04.006 [TestNG-tests-1] INFO  testCases.TC001_AccountRegistrationTest - Execution of TC001_AccountRegistrationTest started.......
17:10:04.287 [TestNG-tests-1] INFO  testCases.TC001_AccountRegistrationTest - Clicked on MyAccount link
17:10:04.802 [TestNG-tests-1] INFO  testCases.TC001_AccountRegistrationTest - Clicked on Register link
17:10:04.803 [TestNG-tests-1] INFO  testCases.TC001_AccountRegistrationTest - Entering registration details of new customer......
17:10:06.636 [TestNG-tests-1] INFO  testCases.TC001_AccountRegistrationTest - Validating registration success message
17:10:06.708 [TestNG-tests-1] INFO  testCases.TC001_AccountRegistrationTest - Test execution completed successfully....
17:10:09.679 [TestNG-tests-1] INFO  testCases.TC002_LoginTest - ***** Execution of 'TC002_LoginTest' started 
17:10:09.680 [TestNG-tests-1] INFO  testCases.TC002_LoginTest - clicked on login.........
17:10:10.226 [TestNG-tests-1] INFO  testCases.TC002_LoginTest - Entering login details..........
17:10:12.175 [TestNG-tests-1] INFO  testCases.TC002_LoginTest - Checking MyAccount page is displayed
17:10:51.992 [TestNG-tests-1] INFO  testCases.TC001_AccountRegistrationTest - Execution of TC001_AccountRegistrationTest started.......
17:10:52.187 [TestNG-tests-1] INFO  testCases.TC001_AccountRegistrationTest - Clicked on MyAccount link
17:10:52.661 [TestNG-tests-1] INFO  testCases.TC001_AccountRegistrationTest - Clicked on Register link
17:10:52.661 [TestNG-tests-1] INFO  testCases.TC001_AccountRegistrationTest - Entering registration details of new customer......
17:10:54.259 [TestNG-tests-1] INFO  testCases.TC001_AccountRegistrationTest - Validating registration success message
17:10:54.317 [TestNG-tests-1] INFO  testCases.TC001_AccountRegistrationTest - Test execution completed successfully....
17:10:56.986 [TestNG-tests-1] INFO  testCases.TC002_LoginTest - ***** Execution of 'TC002_LoginTest' started 
17:10:56.986 [TestNG-tests-1] INFO  testCases.TC002_LoginTest - clicked on login.........
17:10:57.469 [TestNG-tests-1] INFO  testCases.TC002_LoginTest - Entering login details..........
17:10:58.557 [TestNG-tests-1] INFO  testCases.TC002_LoginTest - Checking MyAccount page is displayed
17:10:57.905 [TestNG-tests-1] INFO  testCases.TC001_AccountRegistrationTest - Execution of TC001_AccountRegistrationTest started.......
17:10:58.111 [TestNG-tests-1] INFO  testCases.TC001_AccountRegistrationTest - Clicked on MyAccount link
17:10:00.558 [TestNG-tests-1] INFO  testCases.TC001_AccountRegistrationTest - Clicked on Register link
17:10:00.559 [TestNG-tests-1] INFO  testCases.TC001_AccountRegistrationTest - Entering registration details of new customer......
17:10:03.576 [TestNG-tests-1] INFO  testCases.TC001_AccountRegistrationTest - Validating registration success message
17:10:03.645 [TestNG-tests-1] INFO  testCases.TC001_AccountRegistrationTest - Test execution completed successfully....
17:10:06.630 [TestNG-tests-1] INFO  testCases.TC002_LoginTest - ***** Execution of 'TC002_LoginTest' started 
17:10:06.631 [TestNG-tests-1] INFO  testCases.TC002_LoginTest - clicked on login.........
17:10:07.197 [TestNG-tests-1] INFO  testCases.TC002_LoginTest - Entering login details..........
17:10:07.685 [TestNG-tests-1] INFO  testCases.TC002_LoginTest - Checking MyAccount page is displayed
17:10:42.929 [TestNG-tests-1] INFO  testCases.TC001_AccountRegistrationTest - Execution of TC001_AccountRegistrationTest started.......
17:10:43.128 [TestNG-tests-1] INFO  testCases.TC001_AccountRegistrationTest - Clicked on MyAccount link
17:10:43.579 [TestNG-tests-1] INFO  testCases.TC001_AccountRegistrationTest - Clicked on Register link
17:10:43.579 [TestNG-tests-1] INFO  testCases.TC001_AccountRegistrationTest - Entering registration details of new customer......
17:10:45.149 [TestNG-tests-1] INFO  testCases.TC001_AccountRegistrationTest - Validating registration success message
17:10:45.209 [TestNG-tests-1] INFO  testCases.TC001_AccountRegistrationTest - Test execution completed successfully....
17:10:47.622 [TestNG-tests-1] INFO  testCases.TC002_LoginTest - ***** Execution of 'TC002_LoginTest' started 
17:10:47.623 [TestNG-tests-1] INFO  testCases.TC002_LoginTest - clicked on login.........
17:10:48.077 [TestNG-tests-1] INFO  testCases.TC002_LoginTest - Entering login details..........
17:10:48.481 [TestNG-tests-1] INFO  testCases.TC002_LoginTest - Checking MyAccount page is displayed
